<?xml version="1.0" encoding="UTF-8"?>
<testsuite xmlns:xsi="http://www.w3.org/2001/XMLSchema-instance" xsi:noNamespaceSchemaLocation="https://maven.apache.org/surefire/maven-surefire-plugin/xsd/surefire-test-report.xsd" name="runner.TestRunner" time="117.653" tests="13" errors="0" skipped="0" failures="0">
  <properties>
[...]
</properties>
  <testcase name="runScenario" classname="runner.TestRunner" time="7.354"/>
  <testcase name="runScenario" classname="runner.TestRunner" time="4.27"/>
  <testcase name="runScenario" classname="runner.TestRunner" time="3.831"/>
  <testcase name="runScenario" classname="runner.TestRunner" time="4.233"/>
  <testcase name="runScenario" classname="runner.TestRunner" time="11.178"/>
  <testcase name="runScenario" classname="runner.TestRunner" time="14.095"/>
  <testcase name="runScenario" classname="runner.TestRunner" time="4.712"/>
  <testcase name="runScenario" classname="runner.TestRunner" time="10.24"/>
  <testcase name="runScenario" classname="runner.TestRunner" time="14.935"/>
  <testcase name="runScenario" classname="runner.TestRunner" time="9.727"/>
  <testcase name="runScenario" classname="runner.TestRunner" time="17.722"/>
  <testcase name="runScenario" classname="runner.TestRunner" time="8.354"/>
  <testcase name="runScenario" classname="runner.TestRunner" time="3.786"/>
</testsuite>